2025-08-24 10:21:09,910 - ACTION: Domain Viewed | DETAILS: Switched to 'Network Operations' domain.
2025-08-24 10:21:13,802 - ACTION: Domain Viewed | DETAILS: Switched to 'Red Team Operations' domain.
2025-08-24 10:21:19,743 - ACTION: Domain Viewed | DETAILS: Switched to '🟦 Blue Team' domain.
2025-08-24 10:21:21,507 - ACTION: Domain Viewed | DETAILS: Switched to 'AI Assistant' domain.
2025-08-24 10:21:24,418 - ACTION: Domain Viewed | DETAILS: Switched to 'Network Operations' domain.
2025-08-24 10:21:57,881 - ACTION: Application Closed
2025-08-24 10:24:07,197 - ACTION: Application Started
2025-08-24 10:24:07,417 - ACTION: Domain Viewed | DETAILS: Switched to 'Network Operations' domain.
2025-08-24 10:24:13,820 - ACTION: Domain Viewed | DETAILS: Switched to 'Cybersecurity' domain.
2025-08-24 10:24:20,225 - ACTION: Domain Viewed | DETAILS: Switched to 'Network Operations' domain.
2025-08-24 10:24:47,032 - ACTION: Domain Viewed | DETAILS: Switched to 'Cybersecurity' domain.
2025-08-24 10:24:50,020 - ACTION: NAC Scan Started | DETAILS: Target: 192.168.100.0/24
2025-08-24 10:25:09,889 - ACTION: Domain Viewed | DETAILS: Switched to 'DevOps & Cloud' domain.
2025-08-24 10:25:11,527 - ACTION: Domain Viewed | DETAILS: Switched to 'Red Team Operations' domain.
2025-08-24 10:26:46,612 - ACTION: Application Closed
2025-08-24 14:33:39,936 - ACTION: Application Started
2025-08-24 14:33:40,169 - ACTION: Domain Viewed | DETAILS: Switched to 'Network Operations' domain.
2025-08-24 14:33:49,413 - ACTION: Domain Viewed | DETAILS: Switched to 'Red Team Operations' domain.
2025-08-24 14:36:28,343 - ACTION: Domain Viewed | DETAILS: Switched to 'AI Assistant' domain.
2025-08-24 14:36:29,225 - ACTION: Domain Viewed | DETAILS: Switched to 'Settings' domain.
2025-08-24 14:36:32,686 - ACTION: Domain Viewed | DETAILS: Switched to '🟦 Blue Team' domain.
2025-08-24 14:36:33,657 - ACTION: Domain Viewed | DETAILS: Switched to 'Network Operations' domain.
2025-08-24 14:36:36,803 - ACTION: Domain Viewed | DETAILS: Switched to 'Red Team Operations' domain.
2025-08-24 14:38:14,837 - ACTION: Domain Viewed | DETAILS: Switched to 'Network Operations' domain.
2025-08-24 14:42:07,254 - ACTION: Domain Viewed | DETAILS: Switched to '🟦 Blue Team' domain.
2025-08-24 14:42:07,743 - ACTION: Domain Viewed | DETAILS: Switched to 'Settings' domain.
2025-08-24 14:42:08,247 - ACTION: Domain Viewed | DETAILS: Switched to 'AI Assistant' domain.
2025-08-24 14:42:17,122 - ACTION: Domain Viewed | DETAILS: Switched to 'Red Team Operations' domain.
2025-08-24 14:42:18,556 - ACTION: Domain Viewed | DETAILS: Switched to 'DevOps & Cloud' domain.
2025-08-24 14:42:19,273 - ACTION: Domain Viewed | DETAILS: Switched to 'Cybersecurity' domain.
2025-08-24 14:42:24,724 - ACTION: Domain Viewed | DETAILS: Switched to 'AI Assistant' domain.
2025-08-24 14:58:39,363 - ACTION: Domain Viewed | DETAILS: Switched to 'Cybersecurity' domain.
2025-08-24 14:58:42,034 - ACTION: Domain Viewed | DETAILS: Switched to 'DevOps & Cloud' domain.
2025-08-24 14:58:43,711 - ACTION: Domain Viewed | DETAILS: Switched to 'Red Team Operations' domain.
2025-08-24 14:58:45,100 - ACTION: Domain Viewed | DETAILS: Switched to 'AI Assistant' domain.
2025-08-24 14:58:45,814 - ACTION: Domain Viewed | DETAILS: Switched to 'Settings' domain.
2025-08-24 14:58:46,532 - ACTION: Domain Viewed | DETAILS: Switched to '🟦 Blue Team' domain.
2025-08-24 14:58:47,248 - ACTION: Domain Viewed | DETAILS: Switched to 'Settings' domain.
2025-08-24 14:59:14,531 - ACTION: Domain Viewed | DETAILS: Switched to 'Network Operations' domain.
2025-08-24 15:00:33,027 - ACTION: Domain Viewed | DETAILS: Switched to 'Cybersecurity' domain.
2025-08-24 15:09:03,298 - ACTION: Domain Viewed | DETAILS: Switched to 'Network Operations' domain.
2025-08-24 15:09:07,393 - ACTION: Domain Viewed | DETAILS: Switched to 'Cybersecurity' domain.
2025-08-24 15:26:16,717 - ACTION: Domain Viewed | DETAILS: Switched to 'Network Operations' domain.
2025-08-24 15:26:24,102 - ACTION: Domain Viewed | DETAILS: Switched to 'Cybersecurity' domain.
2025-08-24 15:26:24,937 - ACTION: Domain Viewed | DETAILS: Switched to 'DevOps & Cloud' domain.
2025-08-24 15:26:25,552 - ACTION: Domain Viewed | DETAILS: Switched to 'Red Team Operations' domain.
2025-08-24 16:01:30,449 - ACTION: Application Closed
2025-08-24 19:06:38,637 - ACTION: Application Started
2025-08-24 19:06:38,894 - ACTION: Domain Viewed | DETAILS: Switched to 'Network Operations' domain.
2025-08-24 19:06:48,304 - ACTION: Domain Viewed | DETAILS: Switched to 'Red Team Operations' domain.
2025-08-24 19:07:37,896 - ACTION: Domain Viewed | DETAILS: Switched to 'Settings' domain.
2025-08-24 19:07:44,438 - ACTION: Domain Viewed | DETAILS: Switched to 'Red Team Operations' domain.
2025-08-24 19:08:01,348 - ACTION: Application Closed
